<?xml version="1.0" encoding="UTF-8"?>
<!-- Generated by org.testng.reporters.JUnitReportReporter -->
<testsuite hostname="DESKTOP-G10MSJA" failures="0" tests="3" name="SCRIPT.login_script" time="8.139" errors="0" timestamp="2022-06-28T18:20:18 IST" skipped="2">
  <testcase classname="SCRIPT.login_script" name="TC_01" time="8.139"/>
  <system-out/>
  <testcase classname="SCRIPT.login_script" name="TC_03">
    <skipped/>
  </testcase> <!-- TC_03 -->
  <system-out/>
  <testcase classname="SCRIPT.login_script" name="TC_02">
    <skipped/>
  </testcase> <!-- TC_02 -->
  <system-out/>
</testsuite> <!-- SCRIPT.login_script -->
