<?xml version="1.0" encoding="UTF-8"?>
<!-- Generated by org.testng.reporters.JUnitReportReporter -->
<testsuite hostname="DESKTOP-G10MSJA" failures="0" tests="1" name="SCRIPT.take_screenshot" time="71.680" errors="0" timestamp="2022-06-26T11:06:49 IST" skipped="0">
  <testcase classname="SCRIPT.take_screenshot" name="TC_001" time="71.680"/>
  <system-out/>
</testsuite> <!-- SCRIPT.take_screenshot -->
